<?xml version="1.0" encoding="UTF-8"?>
<!-- Generated by org.testng.reporters.JUnitXMLReporter -->
<testsuite hostname="DESKTOP-4TNOLQN" ignored="0" name="Test" tests="4" failures="1" timestamp="24 июл 2018 06:10:13 GMT" time="0.101" errors="0">
  <testcase name="simpleTest" time="0.027" classname="packmvn.MavenClass"/>
  <testcase name="simpleTestFail" time="0.002" classname="packmvn.MavenClass">
    <failure type="java.lang.AssertionError" message="expected [true] but found [false]">
      <![CDATA[java.lang.AssertionError: expected [true] but found [false]
at packmvn.MavenClass.simpleTestFail(MavenClass.java:36)
... Removed 33 stack frames]]>
    </failure>
  </testcase> <!-- simpleTestFail -->
  <testcase name="simpleTestOK" time="0.0" classname="packmvn.MavenClass"/>
  <testcase name="simpleTestSup" time="0.001" classname="packmvn.MavenClass"/>
</testsuite> <!-- Test -->
