<?xml version="1.0" encoding="UTF-8"?>
<testsuite xmlns:xsi="http://www.w3.org/2001/XMLSchema-instance" xsi:noNamespaceSchemaLocation="https://maven.apache.org/surefire/maven-surefire-plugin/xsd/surefire-test-report.xsd" name="TestSuite" time="1.666" tests="4" errors="0" skipped="0" failures="1">
  <properties>
[...]
</properties>
  <testcase name="simpleTest" classname="packmvn.MavenClass" time="0.027"/>
  <testcase name="simpleTestFail" classname="packmvn.MavenClass" time="0.022">
    <failure message="expected [true] but found [false]" type="java.lang.AssertionError">java.lang.AssertionError: expected [true] but found [false]
	at packmvn.MavenClass.simpleTestFail(MavenClass.java:36)
</failure>
    <system-out><![CDATA[Hang on there!
]]></system-out>
  </testcase>
  <testcase name="simpleTestOK" classname="packmvn.MavenClass" time="0.001"/>
  <testcase name="simpleTestSup" classname="packmvn.MavenClass" time="0.002"/>
</testsuite>