-------------------------------------------------------------------------------
Test set: TestSuite
-------------------------------------------------------------------------------
Tests run: 4, Failures: 1, Errors: 0, Skipped: 0, Time elapsed: 1.666 s <<< FAILURE! - in TestSuite
simpleTestFail(packmvn.MavenClass)  Time elapsed: 0.022 s  <<< FAILURE!
java.lang.AssertionError: expected [true] but found [false]
	at packmvn.MavenClass.simpleTestFail(MavenClass.java:36)

